<?xml version="1.0" encoding="UTF-8"?>
<testsuite name="agh.ics.oop.AnimalTest" tests="3" skipped="0" failures="0" errors="0" timestamp="2022-11-27T17:36:02" hostname="MacBook-Pro-Adam.local" time="0.025">
  <properties/>
  <testcase name="getOrientationTest()" classname="agh.ics.oop.AnimalTest" time="0.019"/>
  <testcase name="moveTest()" classname="agh.ics.oop.AnimalTest" time="0.003"/>
  <testcase name="getPositionTest()" classname="agh.ics.oop.AnimalTest" time="0.001"/>
  <system-out><![CDATA[]]></system-out>
  <system-err><![CDATA[]]></system-err>
</testsuite>
