<?xml version="1.0" encoding="UTF-8"?>
<testsuite name="agh.ics.oop.GrassFieldTest" tests="4" skipped="0" failures="0" errors="0" timestamp="2022-11-27T17:36:02" hostname="MacBook-Pro-Adam.local" time="0.005">
  <properties/>
  <testcase name="objectAtTest()" classname="agh.ics.oop.GrassFieldTest" time="0.001"/>
  <testcase name="isOccupiedTest()" classname="agh.ics.oop.GrassFieldTest" time="0.001"/>
  <testcase name="canMoveToTest()" classname="agh.ics.oop.GrassFieldTest" time="0.0"/>
  <testcase name="placeTest()" classname="agh.ics.oop.GrassFieldTest" time="0.0"/>
  <system-out><![CDATA[]]></system-out>
  <system-err><![CDATA[]]></system-err>
</testsuite>
