<?xml version="1.0" encoding="UTF-8"?>
<testsuite name="agh.ics.oop.MapDirectionTest" tests="2" skipped="0" failures="0" errors="0" timestamp="2022-11-21T20:05:29" hostname="MacBook-Pro-Adam.local" time="0.003">
  <properties/>
  <testcase name="previousTest()" classname="agh.ics.oop.MapDirectionTest" time="0.001"/>
  <testcase name="nextTest()" classname="agh.ics.oop.MapDirectionTest" time="0.001"/>
  <system-out><![CDATA[]]></system-out>
  <system-err><![CDATA[]]></system-err>
</testsuite>
