<?xml version="1.0" encoding="UTF-8"?>
<testsuite name="agh.ics.oop.AnimalTest" tests="3" skipped="0" failures="0" errors="0" timestamp="2022-12-01T22:37:32" hostname="MacBook-Pro-Adam.local" time="0.029">
  <properties/>
  <testcase name="getOrientationTest()" classname="agh.ics.oop.AnimalTest" time="0.023"/>
  <testcase name="moveTest()" classname="agh.ics.oop.AnimalTest" time="0.004"/>
  <testcase name="getPositionTest()" classname="agh.ics.oop.AnimalTest" time="0.001"/>
  <system-out><![CDATA[]]></system-out>
  <system-err><![CDATA[]]></system-err>
</testsuite>
