<?xml version="1.0" encoding="UTF-8"?>
<testsuite name="agh.ics.oop.SimulationEngineTest" tests="4" skipped="0" failures="0" errors="0" timestamp="2022-11-21T11:48:17" hostname="MacBook-Pro-Adam.local" time="0.137">
  <properties/>
  <testcase name="runTest1()" classname="agh.ics.oop.SimulationEngineTest" time="0.033"/>
  <testcase name="runTest2()" classname="agh.ics.oop.SimulationEngineTest" time="0.009"/>
  <testcase name="runTest3()" classname="agh.ics.oop.SimulationEngineTest" time="0.028"/>
  <testcase name="runTest4()" classname="agh.ics.oop.SimulationEngineTest" time="0.063"/>
  <system-out><![CDATA[Liczba zwierząt: 2
 y\x  0 1 2 3 4
 10: -----------
  9: | | | | | |
  8: | | | | | |
  7: | | | | | |
  6: | | | | | |
  5: | | | | | |
  4: | | | |^| |
  3: | | | | | |
  2: | | |^| | |
  1: | | | | | |
  0: | | | | | |
 -1: -----------

Liczba zwierząt: 2
 y\x  0 1 2 3 4
 10: -----------
  9: | | | | | |
  8: | | | | | |
  7: | | | | | |
  6: | | | | | |
  5: | | | | | |
  4: | | | |^| |
  3: | | | | | |
  2: | | |^| | |
  1: | | | | | |
  0: | | | | | |
 -1: -----------

 y\x  0 1 2 3 4
 10: -----------
  9: | | | | | |
  8: | | | | | |
  7: | | | | | |
  6: | | | | | |
  5: | | | | | |
  4: | | | |^| |
  3: | | |^| | |
  2: | | | | | |
  1: | | | | | |
  0: | | | | | |
 -1: -----------

 y\x  0 1 2 3 4
 10: -----------
  9: | | | | | |
  8: | | | | | |
  7: | | | | | |
  6: | | | | | |
  5: | | | |^| |
  4: | | | | | |
  3: | | |^| | |
  2: | | | | | |
  1: | | | | | |
  0: | | | | | |
 -1: -----------

Liczba zwierząt: 2
 y\x  0 1 2 3 4 5 6 7 8 9
 10: ---------------------
  9: | | | | | | | | | | |
  8: | | | | | | | | | | |
  7: | | | | | | | | | | |
  6: | | | | | | | | | | |
  5: | | | | | | | | | | |
  4: | | | | | | | | | | |
  3: | | | | | | | | | | |
  2: | | | | | | | | | | |
  1: | |^| | | | | | | | |
  0: |^| | | | | | | | | |
 -1: ---------------------

 y\x  0 1 2 3 4 5 6 7 8 9
 10: ---------------------
  9: | | | | | | | | | | |
  8: | | | | | | | | | | |
  7: | | | | | | | | | | |
  6: | | | | | | | | | | |
  5: | | | | | | | | | | |
  4: | | | | | | | | | | |
  3: | | | | | | | | | | |
  2: | | | | | | | | | | |
  1: |^|^| | | | | | | | |
  0: | | | | | | | | | | |
 -1: ---------------------

 y\x  0 1 2 3 4 5 6 7 8 9
 10: ---------------------
  9: | | | | | | | | | | |
  8: | | | | | | | | | | |
  7: | | | | | | | | | | |
  6: | | | | | | | | | | |
  5: | | | | | | | | | | |
  4: | | | | | | | | | | |
  3: | | | | | | | | | | |
  2: | | | | | | | | | | |
  1: |^|>| | | | | | | | |
  0: | | | | | | | | | | |
 -1: ---------------------

 y\x  0 1 2 3 4 5 6 7 8 9
 10: ---------------------
  9: | | | | | | | | | | |
  8: | | | | | | | | | | |
  7: | | | | | | | | | | |
  6: | | | | | | | | | | |
  5: | | | | | | | | | | |
  4: | | | | | | | | | | |
  3: | | | | | | | | | | |
  2: |^| | | | | | | | | |
  1: | |>| | | | | | | | |
  0: | | | | | | | | | | |
 -1: ---------------------

 y\x  0 1 2 3 4 5 6 7 8 9
 10: ---------------------
  9: | | | | | | | | | | |
  8: | | | | | | | | | | |
  7: | | | | | | | | | | |
  6: | | | | | | | | | | |
  5: | | | | | | | | | | |
  4: | | | | | | | | | | |
  3: | | | | | | | | | | |
  2: |^| | | | | | | | | |
  1: | |v| | | | | | | | |
  0: | | | | | | | | | | |
 -1: ---------------------

 y\x  0 1 2 3 4 5 6 7 8 9
 10: ---------------------
  9: | | | | | | | | | | |
  8: | | | | | | | | | | |
  7: | | | | | | | | | | |
  6: | | | | | | | | | | |
  5: | | | | | | | | | | |
  4: | | | | | | | | | | |
  3: |^| | | | | | | | | |
  2: | | | | | | | | | | |
  1: | |v| | | | | | | | |
  0: | | | | | | | | | | |
 -1: ---------------------

 y\x  0 1 2 3 4 5 6 7 8 9
 10: ---------------------
  9: | | | | | | | | | | |
  8: | | | | | | | | | | |
  7: | | | | | | | | | | |
  6: | | | | | | | | | | |
  5: | | | | | | | | | | |
  4: | | | | | | | | | | |
  3: |^| | | | | | | | | |
  2: | | | | | | | | | | |
  1: | |<| | | | | | | | |
  0: | | | | | | | | | | |
 -1: ---------------------

 y\x  0 1 2 3 4 5 6 7 8 9
 10: ---------------------
  9: | | | | | | | | | | |
  8: | | | | | | | | | | |
  7: | | | | | | | | | | |
  6: | | | | | | | | | | |
  5: | | | | | | | | | | |
  4: |^| | | | | | | | | |
  3: | | | | | | | | | | |
  2: | | | | | | | | | | |
  1: | |<| | | | | | | | |
  0: | | | | | | | | | | |
 -1: ---------------------

 y\x  0 1 2 3 4 5 6 7 8 9
 10: ---------------------
  9: | | | | | | | | | | |
  8: | | | | | | | | | | |
  7: | | | | | | | | | | |
  6: | | | | | | | | | | |
  5: | | | | | | | | | | |
  4: |^| | | | | | | | | |
  3: | | | | | | | | | | |
  2: | | | | | | | | | | |
  1: | |^| | | | | | | | |
  0: | | | | | | | | | | |
 -1: ---------------------

 y\x  0 1 2 3 4 5 6 7 8 9
 10: ---------------------
  9: | | | | | | | | | | |
  8: | | | | | | | | | | |
  7: | | | | | | | | | | |
  6: | | | | | | | | | | |
  5: |^| | | | | | | | | |
  4: | | | | | | | | | | |
  3: | | | | | | | | | | |
  2: | | | | | | | | | | |
  1: | |^| | | | | | | | |
  0: | | | | | | | | | | |
 -1: ---------------------

 y\x  0 1 2 3 4 5 6 7 8 9
 10: ---------------------
  9: | | | | | | | | | | |
  8: | | | | | | | | | | |
  7: | | | | | | | | | | |
  6: | | | | | | | | | | |
  5: |^| | | | | | | | | |
  4: | | | | | | | | | | |
  3: | | | | | | | | | | |
  2: | |^| | | | | | | | |
  1: | | | | | | | | | | |
  0: | | | | | | | | | | |
 -1: ---------------------

Liczba zwierząt: 2
 y\x  0 1 2 3 4 5 6 7 8 9
 10: ---------------------
  9: | | | | | | | | | |^|
  8: | | | | | | | | | | |
  7: | | | | | | | | | | |
  6: | | | | | | | | | | |
  5: | | | | | | | | | | |
  4: | | | | | | | | | | |
  3: | | | | | | | | | | |
  2: | | | | | | | | | | |
  1: | | | | | | | | | | |
  0: |^| | | | | | | | | |
 -1: ---------------------

 y\x  0 1 2 3 4 5 6 7 8 9
 10: ---------------------
  9: | | | | | | | | | |^|
  8: | | | | | | | | | | |
  7: | | | | | | | | | | |
  6: | | | | | | | | | | |
  5: | | | | | | | | | | |
  4: | | | | | | | | | | |
  3: | | | | | | | | | | |
  2: | | | | | | | | | | |
  1: |^| | | | | | | | | |
  0: | | | | | | | | | | |
 -1: ---------------------

 y\x  0 1 2 3 4 5 6 7 8 9
 10: ---------------------
  9: | | | | | | | | | | |
  8: | | | | | | | | | |^|
  7: | | | | | | | | | | |
  6: | | | | | | | | | | |
  5: | | | | | | | | | | |
  4: | | | | | | | | | | |
  3: | | | | | | | | | | |
  2: | | | | | | | | | | |
  1: |^| | | | | | | | | |
  0: | | | | | | | | | | |
 -1: ---------------------

 y\x  0 1 2 3 4 5 6 7 8 9
 10: ---------------------
  9: | | | | | | | | | | |
  8: | | | | | | | | | |^|
  7: | | | | | | | | | | |
  6: | | | | | | | | | | |
  5: | | | | | | | | | | |
  4: | | | | | | | | | | |
  3: | | | | | | | | | | |
  2: | | | | | | | | | | |
  1: |>| | | | | | | | | |
  0: | | | | | | | | | | |
 -1: ---------------------

 y\x  0 1 2 3 4 5 6 7 8 9
 10: ---------------------
  9: | | | | | | | | | | |
  8: | | | | | | | | | |>|
  7: | | | | | | | | | | |
  6: | | | | | | | | | | |
  5: | | | | | | | | | | |
  4: | | | | | | | | | | |
  3: | | | | | | | | | | |
  2: | | | | | | | | | | |
  1: |>| | | | | | | | | |
  0: | | | | | | | | | | |
 -1: ---------------------

 y\x  0 1 2 3 4 5 6 7 8 9
 10: ---------------------
  9: | | | | | | | | | | |
  8: | | | | | | | | | |>|
  7: | | | | | | | | | | |
  6: | | | | | | | | | | |
  5: | | | | | | | | | | |
  4: | | | | | | | | | | |
  3: | | | | | | | | | | |
  2: | | | | | | | | | | |
  1: | |>| | | | | | | | |
  0: | | | | | | | | | | |
 -1: ---------------------

 y\x  0 1 2 3 4 5 6 7 8 9
 10: ---------------------
  9: | | | | | | | | | | |
  8: | | | | | | | | |>| |
  7: | | | | | | | | | | |
  6: | | | | | | | | | | |
  5: | | | | | | | | | | |
  4: | | | | | | | | | | |
  3: | | | | | | | | | | |
  2: | | | | | | | | | | |
  1: | |>| | | | | | | | |
  0: | | | | | | | | | | |
 -1: ---------------------

 y\x  0 1 2 3 4 5 6 7 8 9
 10: ---------------------
  9: | | | | | | | | | | |
  8: | | | | | | | | |>| |
  7: | | | | | | | | | | |
  6: | | | | | | | | | | |
  5: | | | | | | | | | | |
  4: | | | | | | | | | | |
  3: | | | | | | | | | | |
  2: | | | | | | | | | | |
  1: | |^| | | | | | | | |
  0: | | | | | | | | | | |
 -1: ---------------------

 y\x  0 1 2 3 4 5 6 7 8 9
 10: ---------------------
  9: | | | | | | | | | | |
  8: | | | | | | | | |^| |
  7: | | | | | | | | | | |
  6: | | | | | | | | | | |
  5: | | | | | | | | | | |
  4: | | | | | | | | | | |
  3: | | | | | | | | | | |
  2: | | | | | | | | | | |
  1: | |^| | | | | | | | |
  0: | | | | | | | | | | |
 -1: ---------------------

 y\x  0 1 2 3 4 5 6 7 8 9
 10: ---------------------
  9: | | | | | | | | | | |
  8: | | | | | | | | |^| |
  7: | | | | | | | | | | |
  6: | | | | | | | | | | |
  5: | | | | | | | | | | |
  4: | | | | | | | | | | |
  3: | | | | | | | | | | |
  2: | |^| | | | | | | | |
  1: | | | | | | | | | | |
  0: | | | | | | | | | | |
 -1: ---------------------

 y\x  0 1 2 3 4 5 6 7 8 9
 10: ---------------------
  9: | | | | | | | | | | |
  8: | | | | | | | | | | |
  7: | | | | | | | | |^| |
  6: | | | | | | | | | | |
  5: | | | | | | | | | | |
  4: | | | | | | | | | | |
  3: | | | | | | | | | | |
  2: | |^| | | | | | | | |
  1: | | | | | | | | | | |
  0: | | | | | | | | | | |
 -1: ---------------------

 y\x  0 1 2 3 4 5 6 7 8 9
 10: ---------------------
  9: | | | | | | | | | | |
  8: | | | | | | | | | | |
  7: | | | | | | | | |^| |
  6: | | | | | | | | | | |
  5: | | | | | | | | | | |
  4: | | | | | | | | | | |
  3: | | | | | | | | | | |
  2: | |>| | | | | | | | |
  1: | | | | | | | | | | |
  0: | | | | | | | | | | |
 -1: ---------------------

 y\x  0 1 2 3 4 5 6 7 8 9
 10: ---------------------
  9: | | | | | | | | | | |
  8: | | | | | | | | | | |
  7: | | | | | | | | |>| |
  6: | | | | | | | | | | |
  5: | | | | | | | | | | |
  4: | | | | | | | | | | |
  3: | | | | | | | | | | |
  2: | |>| | | | | | | | |
  1: | | | | | | | | | | |
  0: | | | | | | | | | | |
 -1: ---------------------

 y\x  0 1 2 3 4 5 6 7 8 9
 10: ---------------------
  9: | | | | | | | | | | |
  8: | | | | | | | | | | |
  7: | | | | | | | | |>| |
  6: | | | | | | | | | | |
  5: | | | | | | | | | | |
  4: | | | | | | | | | | |
  3: | | | | | | | | | | |
  2: | | |>| | | | | | | |
  1: | | | | | | | | | | |
  0: | | | | | | | | | | |
 -1: ---------------------

 y\x  0 1 2 3 4 5 6 7 8 9
 10: ---------------------
  9: | | | | | | | | | | |
  8: | | | | | | | | | | |
  7: | | | | | | | |>| | |
  6: | | | | | | | | | | |
  5: | | | | | | | | | | |
  4: | | | | | | | | | | |
  3: | | | | | | | | | | |
  2: | | |>| | | | | | | |
  1: | | | | | | | | | | |
  0: | | | | | | | | | | |
 -1: ---------------------

 y\x  0 1 2 3 4 5 6 7 8 9
 10: ---------------------
  9: | | | | | | | | | | |
  8: | | | | | | | | | | |
  7: | | | | | | | |>| | |
  6: | | | | | | | | | | |
  5: | | | | | | | | | | |
  4: | | | | | | | | | | |
  3: | | | | | | | | | | |
  2: | | |^| | | | | | | |
  1: | | | | | | | | | | |
  0: | | | | | | | | | | |
 -1: ---------------------

 y\x  0 1 2 3 4 5 6 7 8 9
 10: ---------------------
  9: | | | | | | | | | | |
  8: | | | | | | | | | | |
  7: | | | | | | | |^| | |
  6: | | | | | | | | | | |
  5: | | | | | | | | | | |
  4: | | | | | | | | | | |
  3: | | | | | | | | | | |
  2: | | |^| | | | | | | |
  1: | | | | | | | | | | |
  0: | | | | | | | | | | |
 -1: ---------------------

 y\x  0 1 2 3 4 5 6 7 8 9
 10: ---------------------
  9: | | | | | | | | | | |
  8: | | | | | | | | | | |
  7: | | | | | | | |^| | |
  6: | | | | | | | | | | |
  5: | | | | | | | | | | |
  4: | | | | | | | | | | |
  3: | | |^| | | | | | | |
  2: | | | | | | | | | | |
  1: | | | | | | | | | | |
  0: | | | | | | | | | | |
 -1: ---------------------

 y\x  0 1 2 3 4 5 6 7 8 9
 10: ---------------------
  9: | | | | | | | | | | |
  8: | | | | | | | | | | |
  7: | | | | | | | | | | |
  6: | | | | | | | |^| | |
  5: | | | | | | | | | | |
  4: | | | | | | | | | | |
  3: | | |^| | | | | | | |
  2: | | | | | | | | | | |
  1: | | | | | | | | | | |
  0: | | | | | | | | | | |
 -1: ---------------------

 y\x  0 1 2 3 4 5 6 7 8 9
 10: ---------------------
  9: | | | | | | | | | | |
  8: | | | | | | | | | | |
  7: | | | | | | | | | | |
  6: | | | | | | | |^| | |
  5: | | | | | | | | | | |
  4: | | | | | | | | | | |
  3: | | |>| | | | | | | |
  2: | | | | | | | | | | |
  1: | | | | | | | | | | |
  0: | | | | | | | | | | |
 -1: ---------------------

 y\x  0 1 2 3 4 5 6 7 8 9
 10: ---------------------
  9: | | | | | | | | | | |
  8: | | | | | | | | | | |
  7: | | | | | | | | | | |
  6: | | | | | | | |>| | |
  5: | | | | | | | | | | |
  4: | | | | | | | | | | |
  3: | | |>| | | | | | | |
  2: | | | | | | | | | | |
  1: | | | | | | | | | | |
  0: | | | | | | | | | | |
 -1: ---------------------

 y\x  0 1 2 3 4 5 6 7 8 9
 10: ---------------------
  9: | | | | | | | | | | |
  8: | | | | | | | | | | |
  7: | | | | | | | | | | |
  6: | | | | | | | |>| | |
  5: | | | | | | | | | | |
  4: | | | | | | | | | | |
  3: | | | |>| | | | | | |
  2: | | | | | | | | | | |
  1: | | | | | | | | | | |
  0: | | | | | | | | | | |
 -1: ---------------------

 y\x  0 1 2 3 4 5 6 7 8 9
 10: ---------------------
  9: | | | | | | | | | | |
  8: | | | | | | | | | | |
  7: | | | | | | | | | | |
  6: | | | | | | |>| | | |
  5: | | | | | | | | | | |
  4: | | | | | | | | | | |
  3: | | | |>| | | | | | |
  2: | | | | | | | | | | |
  1: | | | | | | | | | | |
  0: | | | | | | | | | | |
 -1: ---------------------

 y\x  0 1 2 3 4 5 6 7 8 9
 10: ---------------------
  9: | | | | | | | | | | |
  8: | | | | | | | | | | |
  7: | | | | | | | | | | |
  6: | | | | | | |>| | | |
  5: | | | | | | | | | | |
  4: | | | | | | | | | | |
  3: | | | |^| | | | | | |
  2: | | | | | | | | | | |
  1: | | | | | | | | | | |
  0: | | | | | | | | | | |
 -1: ---------------------

 y\x  0 1 2 3 4 5 6 7 8 9
 10: ---------------------
  9: | | | | | | | | | | |
  8: | | | | | | | | | | |
  7: | | | | | | | | | | |
  6: | | | | | | |^| | | |
  5: | | | | | | | | | | |
  4: | | | | | | | | | | |
  3: | | | |^| | | | | | |
  2: | | | | | | | | | | |
  1: | | | | | | | | | | |
  0: | | | | | | | | | | |
 -1: ---------------------

 y\x  0 1 2 3 4 5 6 7 8 9
 10: ---------------------
  9: | | | | | | | | | | |
  8: | | | | | | | | | | |
  7: | | | | | | | | | | |
  6: | | | | | | |^| | | |
  5: | | | | | | | | | | |
  4: | | | |^| | | | | | |
  3: | | | | | | | | | | |
  2: | | | | | | | | | | |
  1: | | | | | | | | | | |
  0: | | | | | | | | | | |
 -1: ---------------------

 y\x  0 1 2 3 4 5 6 7 8 9
 10: ---------------------
  9: | | | | | | | | | | |
  8: | | | | | | | | | | |
  7: | | | | | | | | | | |
  6: | | | | | | | | | | |
  5: | | | | | | |^| | | |
  4: | | | |^| | | | | | |
  3: | | | | | | | | | | |
  2: | | | | | | | | | | |
  1: | | | | | | | | | | |
  0: | | | | | | | | | | |
 -1: ---------------------

 y\x  0 1 2 3 4 5 6 7 8 9
 10: ---------------------
  9: | | | | | | | | | | |
  8: | | | | | | | | | | |
  7: | | | | | | | | | | |
  6: | | | | | | | | | | |
  5: | | | | | | |^| | | |
  4: | | | |>| | | | | | |
  3: | | | | | | | | | | |
  2: | | | | | | | | | | |
  1: | | | | | | | | | | |
  0: | | | | | | | | | | |
 -1: ---------------------

 y\x  0 1 2 3 4 5 6 7 8 9
 10: ---------------------
  9: | | | | | | | | | | |
  8: | | | | | | | | | | |
  7: | | | | | | | | | | |
  6: | | | | | | | | | | |
  5: | | | | | | |>| | | |
  4: | | | |>| | | | | | |
  3: | | | | | | | | | | |
  2: | | | | | | | | | | |
  1: | | | | | | | | | | |
  0: | | | | | | | | | | |
 -1: ---------------------

 y\x  0 1 2 3 4 5 6 7 8 9
 10: ---------------------
  9: | | | | | | | | | | |
  8: | | | | | | | | | | |
  7: | | | | | | | | | | |
  6: | | | | | | | | | | |
  5: | | | | | | |>| | | |
  4: | | | | |>| | | | | |
  3: | | | | | | | | | | |
  2: | | | | | | | | | | |
  1: | | | | | | | | | | |
  0: | | | | | | | | | | |
 -1: ---------------------

 y\x  0 1 2 3 4 5 6 7 8 9
 10: ---------------------
  9: | | | | | | | | | | |
  8: | | | | | | | | | | |
  7: | | | | | | | | | | |
  6: | | | | | | | | | | |
  5: | | | | | |>| | | | |
  4: | | | | |>| | | | | |
  3: | | | | | | | | | | |
  2: | | | | | | | | | | |
  1: | | | | | | | | | | |
  0: | | | | | | | | | | |
 -1: ---------------------

 y\x  0 1 2 3 4 5 6 7 8 9
 10: ---------------------
  9: | | | | | | | | | | |
  8: | | | | | | | | | | |
  7: | | | | | | | | | | |
  6: | | | | | | | | | | |
  5: | | | | | |>| | | | |
  4: | | | | |^| | | | | |
  3: | | | | | | | | | | |
  2: | | | | | | | | | | |
  1: | | | | | | | | | | |
  0: | | | | | | | | | | |
 -1: ---------------------

 y\x  0 1 2 3 4 5 6 7 8 9
 10: ---------------------
  9: | | | | | | | | | | |
  8: | | | | | | | | | | |
  7: | | | | | | | | | | |
  6: | | | | | | | | | | |
  5: | | | | | |^| | | | |
  4: | | | | |^| | | | | |
  3: | | | | | | | | | | |
  2: | | | | | | | | | | |
  1: | | | | | | | | | | |
  0: | | | | | | | | | | |
 -1: ---------------------

]]></system-out>
  <system-err><![CDATA[]]></system-err>
</testsuite>
